<?xml version="1.0" encoding="UTF-8"?>
<!-- Generated by org.testng.reporters.JUnitReportReporter -->
<testsuite hostname="INLPF3L84Z0" failures="0" tests="4" name="api.test.UserTests2" time="8.172" errors="0" timestamp="2023-08-12T20:07:37 IST" skipped="0">
  <testcase classname="api.test.UserTests2" name="testCreateUser" time="2.674"/>
  <testcase classname="api.test.UserTests2" name="testGetUser" time="1.207"/>
  <testcase classname="api.test.UserTests2" name="testUpdateUser" time="2.653"/>
  <testcase classname="api.test.UserTests2" name="testDeleteUser" time="1.638"/>
</testsuite> <!-- api.test.UserTests2 -->
