<?xml version="1.0" encoding="UTF-8"?>
<!-- Generated by org.testng.reporters.JUnitReportReporter -->
<testsuite hostname="INLPF3L84Z0" failures="0" tests="1" name="api.utilities.DataProviders" time="0.837" errors="0" timestamp="2023-08-07T22:27:27 IST" skipped="0">
  <testcase classname="api.utilities.DataProviders" name="getData" time="0.837"/>
  <system-out/>
</testsuite> <!-- api.utilities.DataProviders -->
