<?xml version="1.0" encoding="UTF-8"?>
<!-- Generated by org.testng.reporters.JUnitReportReporter -->
<testsuite hostname="INLPF3L84Z0" failures="0" tests="6" name="api.test.DataDrivenTests" time="9.677" errors="0" timestamp="2023-08-07T23:10:10 IST" skipped="0">
  <testcase classname="api.test.DataDrivenTests" name="testPostUser" time="1.181"/>
  <system-out/>
  <testcase classname="api.test.DataDrivenTests" name="testPostUser" time="1.141"/>
  <system-out/>
  <testcase classname="api.test.DataDrivenTests" name="testPostUser" time="3.882"/>
  <system-out/>
  <testcase classname="api.test.DataDrivenTests" name="testDeleteUser" time="1.143"/>
  <system-out/>
  <testcase classname="api.test.DataDrivenTests" name="testDeleteUser" time="1.113"/>
  <system-out/>
  <testcase classname="api.test.DataDrivenTests" name="testDeleteUser" time="1.217"/>
  <system-out/>
</testsuite> <!-- api.test.DataDrivenTests -->
