<?xml version="1.0" encoding="UTF-8"?>
<!-- Generated by org.testng.reporters.JUnitReportReporter -->
<testsuite hostname="INLPF3L84Z0" failures="0" tests="4" name="api.test.UserTests" time="7.532" errors="0" timestamp="2023-08-12T23:03:41 IST" skipped="0">
  <testcase classname="api.test.UserTests" name="testCreateUser" time="2.539"/>
  <system-out/>
  <testcase classname="api.test.UserTests" name="testGetUser" time="1.628"/>
  <system-out/>
  <testcase classname="api.test.UserTests" name="testUpdateUser" time="2.212"/>
  <system-out/>
  <testcase classname="api.test.UserTests" name="testDeleteUser" time="1.153"/>
  <system-out/>
</testsuite> <!-- api.test.UserTests -->
